#! /opt/homebrew/Cellar/icarus-verilog/13.0/bin/vvp
:ivl_version "13.0 (stable)" "(v13_0)";
:ivl_delay_selection "TYPICAL";
:vpi_time_precision - 12;
:vpi_module "/opt/homebrew/Cellar/icarus-verilog/13.0/lib/ivl/system.vpi";
:vpi_module "/opt/homebrew/Cellar/icarus-verilog/13.0/lib/ivl/vhdl_sys.vpi";
:vpi_module "/opt/homebrew/Cellar/icarus-verilog/13.0/lib/ivl/vhdl_textio.vpi";
:vpi_module "/opt/homebrew/Cellar/icarus-verilog/13.0/lib/ivl/v2005_math.vpi";
:vpi_module "/opt/homebrew/Cellar/icarus-verilog/13.0/lib/ivl/va_math.vpi";
S_0x14560e410 .scope module, "pi_controller_tb" "pi_controller_tb" 2 3;
 .timescale -9 -12;
v0x145627930_0 .var "clk", 0 0;
v0x1456279c0_0 .net "control_out", 15 0, v0x1456271e0_0;  1 drivers
v0x145627a50_0 .var "measured", 15 0;
v0x145627b20_0 .var "rst_n", 0 0;
v0x145627bd0_0 .var "target", 15 0;
S_0x14560e580 .scope module, "dut" "pi_controller" 2 9, 3 1 0, S_0x14560e410;
 .timescale 0 0;
    .port_info 0 /INPUT 1 "clk";
    .port_info 1 /INPUT 1 "rst_n";
    .port_info 2 /INPUT 16 "measured";
    .port_info 3 /INPUT 16 "target";
    .port_info 4 /OUTPUT 16 "control_out";
P_0x1456152f0 .param/l "Ki" 0 3 10, +C4<0000000000011010>;
P_0x145615330 .param/l "Kp" 0 3 9, +C4<0000000010000000>;
P_0x145615370 .param/l "OUT_MAX" 1 3 19, +C4<0111111111111111>;
P_0x1456153b0 .param/l "OUT_MIN" 1 3 20, +C4<1000000000000000>;
v0x1456180a0_0 .net "clk", 0 0, v0x145627930_0;  1 drivers
v0x1456271e0_0 .var "control_out", 15 0;
v0x145627290_0 .var/s "error", 15 0;
v0x145627350_0 .var/s "integral_term", 15 0;
v0x145627400_0 .var/s "integrator", 31 0;
v0x1456274f0_0 .net "measured", 15 0, v0x145627a50_0;  1 drivers
v0x1456275a0_0 .var/s "pi_sum", 16 0;
v0x145627650_0 .var/s "proportional_term", 15 0;
v0x145627700_0 .net "rst_n", 0 0, v0x145627b20_0;  1 drivers
v0x145627810_0 .net "target", 15 0, v0x145627bd0_0;  1 drivers
E_0x14560ee40/0 .event negedge, v0x145627700_0;
E_0x14560ee40/1 .event posedge, v0x1456180a0_0;
E_0x14560ee40 .event/or E_0x14560ee40/0, E_0x14560ee40/1;
    .scope S_0x14560e580;
T_0 ;
    %wait E_0x14560ee40;
    %load/vec4 v0x145627700_0;
    %nor/r;
    %flag_set/vec4 8;
    %jmp/0xz  T_0.0, 8;
    %pushi/vec4 0, 0, 16;
    %assign/vec4 v0x145627290_0, 0;
    %jmp T_0.1;
T_0.0 ;
    %load/vec4 v0x145627810_0;
    %load/vec4 v0x1456274f0_0;
    %sub;
    %assign/vec4 v0x145627290_0, 0;
T_0.1 ;
    %jmp T_0;
    .thread T_0;
    .scope S_0x14560e580;
T_1 ;
    %wait E_0x14560ee40;
    %load/vec4 v0x145627700_0;
    %nor/r;
    %flag_set/vec4 8;
    %jmp/0xz  T_1.0, 8;
    %pushi/vec4 0, 0, 16;
    %assign/vec4 v0x145627650_0, 0;
    %jmp T_1.1;
T_1.0 ;
    %load/vec4 v0x145627290_0;
    %muli 128, 0, 16;
    %ix/load 4, 8, 0;
    %flag_set/imm 4, 0;
    %shiftr/s 4;
    %assign/vec4 v0x145627650_0, 0;
T_1.1 ;
    %jmp T_1;
    .thread T_1;
    .scope S_0x14560e580;
T_2 ;
    %wait E_0x14560ee40;
    %load/vec4 v0x145627700_0;
    %nor/r;
    %flag_set/vec4 8;
    %jmp/0xz  T_2.0, 8;
    %pushi/vec4 0, 0, 32;
    %assign/vec4 v0x145627400_0, 0;
    %pushi/vec4 0, 0, 16;
    %assign/vec4 v0x145627350_0, 0;
    %jmp T_2.1;
T_2.0 ;
    %load/vec4 v0x145627400_0;
    %load/vec4 v0x145627290_0;
    %pad/s 32;
    %muli 26, 0, 32;
    %ix/load 4, 8, 0;
    %flag_set/imm 4, 0;
    %shiftr/s 4;
    %add;
    %assign/vec4 v0x145627400_0, 0;
    %load/vec4 v0x145627400_0;
    %parti/s 16, 8, 5;
    %assign/vec4 v0x145627350_0, 0;
T_2.1 ;
    %jmp T_2;
    .thread T_2;
    .scope S_0x14560e580;
T_3 ;
    %wait E_0x14560ee40;
    %load/vec4 v0x145627700_0;
    %nor/r;
    %flag_set/vec4 8;
    %jmp/0xz  T_3.0, 8;
    %pushi/vec4 0, 0, 17;
    %assign/vec4 v0x1456275a0_0, 0;
    %jmp T_3.1;
T_3.0 ;
    %load/vec4 v0x145627650_0;
    %parti/s 1, 15, 5;
    %load/vec4 v0x145627650_0;
    %concat/vec4; draw_concat_vec4
    %load/vec4 v0x145627350_0;
    %parti/s 1, 15, 5;
    %load/vec4 v0x145627350_0;
    %concat/vec4; draw_concat_vec4
    %add;
    %assign/vec4 v0x1456275a0_0, 0;
T_3.1 ;
    %jmp T_3;
    .thread T_3;
    .scope S_0x14560e580;
T_4 ;
    %wait E_0x14560ee40;
    %load/vec4 v0x145627700_0;
    %nor/r;
    %flag_set/vec4 8;
    %jmp/0xz  T_4.0, 8;
    %pushi/vec4 0, 0, 16;
    %assign/vec4 v0x1456271e0_0, 0;
    %jmp T_4.1;
T_4.0 ;
    %load/vec4 v0x1456275a0_0;
    %cmpi/s 32767, 0, 17;
    %flag_or 5, 4; GT is !LE
    %flag_inv 5;
    %jmp/0xz  T_4.2, 5;
    %pushi/vec4 32767, 0, 16;
    %assign/vec4 v0x1456271e0_0, 0;
    %jmp T_4.3;
T_4.2 ;
    %load/vec4 v0x1456275a0_0;
    %cmpi/s 98304, 0, 17;
    %jmp/0xz  T_4.4, 5;
    %pushi/vec4 32768, 0, 16;
    %assign/vec4 v0x1456271e0_0, 0;
    %jmp T_4.5;
T_4.4 ;
    %load/vec4 v0x1456275a0_0;
    %parti/s 16, 0, 2;
    %assign/vec4 v0x1456271e0_0, 0;
T_4.5 ;
T_4.3 ;
T_4.1 ;
    %jmp T_4;
    .thread T_4;
    .scope S_0x14560e410;
T_5 ;
    %pushi/vec4 0, 0, 1;
    %store/vec4 v0x145627930_0, 0, 1;
    %end;
    .thread T_5;
    .scope S_0x14560e410;
T_6 ;
    %delay 5000, 0;
    %load/vec4 v0x145627930_0;
    %inv;
    %store/vec4 v0x145627930_0, 0, 1;
    %jmp T_6;
    .thread T_6;
    .scope S_0x14560e410;
T_7 ;
    %vpi_call 2 22 "$dumpfile", "waveform.vcd" {0 0 0};
    %vpi_call 2 23 "$dumpvars", 32'sb00000000000000000000000000000000, S_0x14560e410 {0 0 0};
    %pushi/vec4 0, 0, 1;
    %store/vec4 v0x145627b20_0, 0, 1;
    %pushi/vec4 0, 0, 16;
    %store/vec4 v0x145627a50_0, 0, 16;
    %pushi/vec4 128, 0, 16;
    %store/vec4 v0x145627bd0_0, 0, 16;
    %delay 20000, 0;
    %pushi/vec4 1, 0, 1;
    %store/vec4 v0x145627b20_0, 0, 1;
    %delay 2000000, 0;
    %pushi/vec4 64, 0, 16;
    %store/vec4 v0x145627a50_0, 0, 16;
    %delay 2000000, 0;
    %pushi/vec4 112, 0, 16;
    %store/vec4 v0x145627a50_0, 0, 16;
    %delay 2000000, 0;
    %pushi/vec4 128, 0, 16;
    %store/vec4 v0x145627a50_0, 0, 16;
    %delay 2000000, 0;
    %pushi/vec4 144, 0, 16;
    %store/vec4 v0x145627a50_0, 0, 16;
    %delay 2000000, 0;
    %pushi/vec4 128, 0, 16;
    %store/vec4 v0x145627a50_0, 0, 16;
    %delay 2000000, 0;
    %vpi_call 2 51 "$finish" {0 0 0};
    %end;
    .thread T_7;
# The file index is used to find the file name in the following table.
:file_names 4;
    "N/A";
    "<interactive>";
    "tb/pi_controller_tb.v";
    "src/pi_controller.v";
